2026-01-29 09:02:09,060 [INFO] Activator:176 - 


2026-01-29 09:02:09,069 [INFO] Activator:177 - !SESSION log4j initialized
2026-01-29 09:02:21,891 [INFO] LogOutputStream:77 - [STDOUT_REDIRECT] 
2026-01-29 12:48:08,578 [INFO] Activator:176 - 


2026-01-29 12:48:08,582 [INFO] Activator:177 - !SESSION log4j initialized
2026-01-29 12:48:19,661 [INFO] LogOutputStream:77 - [STDOUT_REDIRECT] 
2026-01-29 12:51:10,521 [ERROR] LogOutputStream:75 - [STDERR_REDIRECT] Exception in thread "Thread-23" java.lang.OutOfMemoryError: could not allocate Unicode string
2026-01-29 12:51:10,526 [ERROR] LogOutputStream:75 - [STDERR_REDIRECT] 	at java.base/java.lang.String.intern(Native Method)
2026-01-29 12:51:10,531 [ERROR] LogOutputStream:75 - [STDERR_REDIRECT] 	at org.eclipse.equinox.internal.p2.persistence.XMLParser$AbstractHandler.parseAttributes(XMLParser.java:322)
2026-01-29 12:51:10,535 [ERROR] LogOutputStream:75 - [STDERR_REDIRECT] 	at org.eclipse.equinox.internal.p2.persistence.XMLParser$AbstractHandler.parseRequiredAttributes(XMLParser.java:303)
2026-01-29 12:51:10,539 [ERROR] LogOutputStream:75 - [STDERR_REDIRECT] 	at org.eclipse.equinox.internal.p2.persistence.XMLParser$PropertyHandler.parseProperty(XMLParser.java:433)
2026-01-29 12:51:10,542 [ERROR] LogOutputStream:75 - [STDERR_REDIRECT] 	at org.eclipse.equinox.internal.p2.persistence.XMLParser$PropertyHandler.<init>(XMLParser.java:421)
2026-01-29 12:51:10,644 [ERROR] LogOutputStream:75 - [STDERR_REDIRECT] 	at org.eclipse.equinox.internal.p2.persistence.XMLParser$PropertiesHandler.startElement(XMLParser.java:406)
2026-01-29 12:51:10,648 [ERROR] LogOutputStream:75 - [STDERR_REDIRECT] 	at org.eclipse.equinox.internal.p2.persistence.XMLParser$AbstractHandler.startElement(XMLParser.java:160)
2026-01-29 12:51:10,656 [ERROR] LogOutputStream:75 - [STDERR_REDIRECT] 	at java.xml/com.sun.org.apache.xerces.internal.parsers.AbstractSAXParser.startElement(AbstractSAXParser.java:518)
2026-01-29 12:51:10,659 [ERROR] LogOutputStream:75 - [STDERR_REDIRECT] 	at java.xml/com.sun.org.apache.xerces.internal.parsers.AbstractXMLDocumentParser.emptyElement(AbstractXMLDocumentParser.java:183)
2026-01-29 12:51:10,665 [ERROR] LogOutputStream:75 - [STDERR_REDIRECT] 	at java.xml/com.sun.org.apache.xerces.internal.impl.XMLNSDocumentScannerImpl.scanStartElement(XMLNSDocumentScannerImpl.java:353)
2026-01-29 12:51:10,670 [ERROR] LogOutputStream:75 - [STDERR_REDIRECT] 	at java.xml/com.sun.org.apache.xerces.internal.impl.XMLDocumentFragmentScannerImpl$FragmentContentDriver.next(XMLDocumentFragmentScannerImpl.java:2726)
2026-01-29 12:51:10,676 [ERROR] LogOutputStream:75 - [STDERR_REDIRECT] 	at java.xml/com.sun.org.apache.xerces.internal.impl.XMLDocumentScannerImpl.next(XMLDocumentScannerImpl.java:605)
2026-01-29 12:51:10,679 [ERROR] LogOutputStream:75 - [STDERR_REDIRECT] 	at java.xml/com.sun.org.apache.xerces.internal.impl.XMLNSDocumentScannerImpl.next(XMLNSDocumentScannerImpl.java:114)
2026-01-29 12:51:10,682 [ERROR] LogOutputStream:75 - [STDERR_REDIRECT] 	at java.xml/com.sun.org.apache.xerces.internal.impl.XMLDocumentFragmentScannerImpl.scanDocument(XMLDocumentFragmentScannerImpl.java:542)
2026-01-29 12:51:10,685 [ERROR] LogOutputStream:75 - [STDERR_REDIRECT] 	at java.xml/com.sun.org.apache.xerces.internal.parsers.XML11Configuration.parse(XML11Configuration.java:889)
2026-01-29 12:51:10,868 [ERROR] LogOutputStream:75 - [STDERR_REDIRECT] 	at java.xml/com.sun.org.apache.xerces.internal.parsers.XML11Configuration.parse(XML11Configuration.java:825)
2026-01-29 12:51:10,876 [ERROR] LogOutputStream:75 - [STDERR_REDIRECT] 	at java.xml/com.sun.org.apache.xerces.internal.parsers.XMLParser.parse(XMLParser.java:141)
2026-01-29 12:51:10,879 [ERROR] LogOutputStream:75 - [STDERR_REDIRECT] 	at java.xml/com.sun.org.apache.xerces.internal.parsers.AbstractSAXParser.parse(AbstractSAXParser.java:1224)
2026-01-29 12:51:10,882 [ERROR] LogOutputStream:75 - [STDERR_REDIRECT] 	at java.xml/com.sun.org.apache.xerces.internal.jaxp.SAXParserImpl$JAXPSAXParser.parse(SAXParserImpl.java:637)
2026-01-29 12:51:10,887 [ERROR] LogOutputStream:75 - [STDERR_REDIRECT] 	at org.eclipse.equinox.internal.p2.metadata.repository.MetadataRepositoryIO$Parser.parse(MetadataRepositoryIO.java:203)
2026-01-29 12:51:10,890 [ERROR] LogOutputStream:75 - [STDERR_REDIRECT] 	at org.eclipse.equinox.internal.p2.metadata.repository.MetadataRepositoryIO.read(MetadataRepositoryIO.java:66)
2026-01-29 12:51:10,895 [ERROR] LogOutputStream:75 - [STDERR_REDIRECT] 	at org.eclipse.equinox.internal.p2.metadata.repository.XZedSimpleMetadataRepositoryFactory.load(XZedSimpleMetadataRepositoryFactory.java:86)
2026-01-29 12:51:10,898 [ERROR] LogOutputStream:75 - [STDERR_REDIRECT] 	at org.eclipse.equinox.internal.p2.metadata.repository.MetadataRepositoryManager.factoryLoad(MetadataRepositoryManager.java:63)
2026-01-29 12:51:10,903 [ERROR] LogOutputStream:75 - [STDERR_REDIRECT] 	at org.eclipse.equinox.internal.p2.repository.helpers.AbstractRepositoryManager.loadRepository(AbstractRepositoryManager.java:799)
2026-01-29 12:51:10,949 [ERROR] LogOutputStream:75 - [STDERR_REDIRECT] 	at org.eclipse.equinox.internal.p2.repository.helpers.AbstractRepositoryManager.loadRepository(AbstractRepositoryManager.java:697)
2026-01-29 12:51:10,953 [ERROR] LogOutputStream:75 - [STDERR_REDIRECT] 	at org.eclipse.equinox.internal.p2.metadata.repository.MetadataRepositoryManager.loadRepository(MetadataRepositoryManager.java:110)
2026-01-29 12:51:10,956 [ERROR] LogOutputStream:75 - [STDERR_REDIRECT] 	at org.eclipse.equinox.internal.p2.metadata.repository.MetadataRepositoryManager.loadRepository(MetadataRepositoryManager.java:105)
2026-01-29 12:51:10,960 [ERROR] LogOutputStream:75 - [STDERR_REDIRECT] 	at org.eclipse.equinox.internal.p2.metadata.repository.CompositeMetadataRepository.addChild(CompositeMetadataRepository.java:161)
2026-01-29 12:51:10,963 [ERROR] LogOutputStream:75 - [STDERR_REDIRECT] 	at org.eclipse.equinox.internal.p2.metadata.repository.CompositeMetadataRepository.<init>(CompositeMetadataRepository.java:93)
2026-01-29 12:51:10,968 [ERROR] LogOutputStream:75 - [STDERR_REDIRECT] 	at org.eclipse.equinox.internal.p2.metadata.repository.CompositeMetadataRepositoryFactory.load(CompositeMetadataRepositoryFactory.java:124)
2026-01-29 12:51:10,972 [ERROR] LogOutputStream:75 - [STDERR_REDIRECT] 	at org.eclipse.equinox.internal.p2.metadata.repository.MetadataRepositoryManager.factoryLoad(MetadataRepositoryManager.java:63)
2026-01-29 12:51:10,975 [ERROR] LogOutputStream:75 - [STDERR_REDIRECT] 	at org.eclipse.equinox.internal.p2.repository.helpers.AbstractRepositoryManager.loadRepository(AbstractRepositoryManager.java:799)
2026-01-29 12:51:10,979 [ERROR] LogOutputStream:75 - [STDERR_REDIRECT] 	at org.eclipse.equinox.internal.p2.repository.helpers.AbstractRepositoryManager.loadRepository(AbstractRepositoryManager.java:697)
2026-01-29 12:51:11,010 [ERROR] LogOutputStream:75 - [STDERR_REDIRECT] 	at org.eclipse.equinox.internal.p2.metadata.repository.MetadataRepositoryManager.loadRepository(MetadataRepositoryManager.java:110)
2026-01-29 12:51:11,014 [ERROR] LogOutputStream:75 - [STDERR_REDIRECT] 	at org.eclipse.equinox.internal.p2.metadata.repository.MetadataRepositoryManager.loadRepository(MetadataRepositoryManager.java:105)
2026-01-29 12:51:11,017 [ERROR] LogOutputStream:75 - [STDERR_REDIRECT] 	at org.eclipse.equinox.p2.engine.ProvisioningContext.loadMetadataRepository(ProvisioningContext.java:253)
2026-01-29 12:51:11,020 [ERROR] LogOutputStream:75 - [STDERR_REDIRECT] 	at org.eclipse.equinox.p2.engine.ProvisioningContext.getLoadedMetadataRepositories(ProvisioningContext.java:235)
2026-01-29 12:51:11,023 [ERROR] LogOutputStream:75 - [STDERR_REDIRECT] 	at org.eclipse.equinox.p2.engine.ProvisioningContext.getMetadata(ProvisioningContext.java:317)
2026-01-29 12:51:11,025 [ERROR] LogOutputStream:75 - [STDERR_REDIRECT] 	at org.eclipse.equinox.internal.p2.director.SimplePlanner.updatesFor(SimplePlanner.java:962)
2026-01-29 12:51:11,028 [ERROR] LogOutputStream:75 - [STDERR_REDIRECT] 	at org.eclipse.equinox.internal.p2.updatechecker.UpdateChecker.checkForUpdates(UpdateChecker.java:148)
2026-01-29 12:51:11,031 [ERROR] LogOutputStream:75 - [STDERR_REDIRECT] 	at org.eclipse.equinox.internal.p2.updatechecker.UpdateChecker$UpdateCheckThread.run(UpdateChecker.java:83)
2026-01-29 13:07:47,258 [INFO] Activator:176 - 


2026-01-29 13:07:47,263 [INFO] Activator:177 - !SESSION log4j initialized
2026-01-29 13:07:57,557 [INFO] LogOutputStream:77 - [STDOUT_REDIRECT] 
2026-01-29 14:27:50,689 [INFO] Activator:176 - 


2026-01-29 14:27:50,694 [INFO] Activator:177 - !SESSION log4j initialized
2026-01-29 14:28:00,299 [INFO] LogOutputStream:77 - [STDOUT_REDIRECT] 
2026-01-29 15:30:16,307 [INFO] Activator:176 - 


2026-01-29 15:30:16,311 [INFO] Activator:177 - !SESSION log4j initialized
2026-01-29 15:30:25,048 [INFO] LogOutputStream:77 - [STDOUT_REDIRECT] 
